build/app/outputs/mapping/release/seeds.txt
com.example.tyto.MainActivity
com.example.tyto.MainActivity: MainActivity()
...
io.flutter.embedding.android.FlutterView: io.flutter.embedding.engine.FlutterEngine getAttachedFlutterEngine()
androidx.versionedparcelable.CustomVersionedParcelable: CustomVersionedParcelable()
io.flutter.view.AccessibilityViewEmbedder: void setFlutterNodesTranslateBounds(android.view.accessibility.AccessibilityNodeInfo,android.graphics.Rect,android.view.accessibility.AccessibilityNodeInfo)
io.flutter.embedding.engine.FlutterJNI: void setAsyncWaitForVsyncDelegate(io.flutter.embedding.engine.FlutterJNI$AsyncWaitForVsyncDelegate)
io.flutter.plugin.platform.SingleViewPresentation: android.content.Context outerContext
io.flutter.embedding.engine.FlutterJNI: void setLocalizationPlugin(io.flutter.plugin.localization.LocalizationPlugin)
io.flutter.plugins.GeneratedPluginRegistrant
io.flutter.embedding.engine.FlutterJNI: void runBundleAndSnapshotFromLibrary(java.lang.String,java.lang.String,java.lang.String,android.content.res.AssetManager)
io.flutter.embedding.engine.FlutterJNI: void dispatchEmptyPlatformMessage(java.lang.String,int)
io.flutter.view.AccessibilityBridge$AccessibilityFeature: io.flutter.view.AccessibilityBridge$AccessibilityFeature valueOf(java.lang.String)
io.flutter.embedding.engine.systemchannels.PlatformChannel$ClipboardContentFormat: io.flutter.embedding.engine.systemchannels.PlatformChannel$ClipboardContentFormat[] values()
androidx.core.app.RemoteActionCompatParcelizer: RemoteActionCompatParcelizer()
android.support.v4.app.RemoteActionCompatParcelizer
io.flutter.embedding.android.FlutterSplashView$SavedState: android.os.Bundle splashScreenState
android.support.v4.graphics.drawable.IconCompatParcelizer: IconCompatParcelizer()
androidx.lifecycle.Lifecycle$Event: androidx.lifecycle.Lifecycle$Event ON_PAUSE
io.flutter.embedding.engine.systemchannels.PlatformChannel$SystemUiOverlay: io.flutter.embedding.engine.systemchannels.PlatformChannel$SystemUiOverlay valueOf(java.lang.String)
io.flutter.embedding.android.FlutterSplashView$SavedState: FlutterSplashView$SavedState(android.os.Parcelable)
io.flutter.view.AccessibilityBridge$AccessibilityFeature: io.flutter.view.AccessibilityBridge$AccessibilityFeature[] values()
com.google.common.util.concurrent.AbstractFuture: com.google.common.util.concurrent.AbstractFuture$Waiter waiters
androidx.lifecycle.LiveData$LifecycleBoundObserver
io.flutter.embedding.engine.FlutterJNI: io.flutter.view.FlutterCallbackInformation nativeLookupCallbackInformation(long)
com.google.common.util.concurrent.AbstractFuture: com.google.common.util.concurrent.AbstractFuture$Listener listeners
androidx.activity.OnBackPressedDispatcher$LifecycleOnBackPressedCancellable
io.flutter.embedding.engine.FlutterJNI: void nativeDispatchPlatformMessage(long,java.lang.String,java.nio.ByteBuffer,int,int)
io.flutter.view.AccessibilityViewEmbedder: java.lang.Integer getRecordFlutterId(android.view.View,android.view.accessibility.AccessibilityRecord)
io.flutter.embedding.engine.FlutterJNI: void dispatchPlatformMessage(java.lang.String,java.nio.ByteBuffer,int,int)
androidx.core.app.RemoteActionCompatParcelizer: androidx.core.app.RemoteActionCompat read(androidx.versionedparcelable.VersionedParcel)
io.flutter.embedding.engine.mutatorsstack.FlutterMutatorsStack: java.util.List mutators
io.flutter.embedding.android.FlutterSplashView$SavedState: android.os.Parcelable$Creator CREATOR
io.flutter.embedding.engine.mutatorsstack.FlutterMutatorsStack$FlutterMutatorType: io.flutter.embedding.engine.mutatorsstack.FlutterMutatorsStack$FlutterMutatorType valueOf(java.lang.String)
io.flutter.plugin.platform.SingleViewPresentation: io.flutter.plugin.platform.SingleViewPresentation$AccessibilityDelegatingFrameLayout rootView
androidx.versionedparcelable.ParcelImpl: android.os.Parcelable$Creator CREATOR
io.flutter.embedding.engine.FlutterJNI: boolean nativeGetIsSoftwareRenderingEnabled()
io.flutter.embedding.engine.FlutterJNI: void updateCustomAccessibilityActions(java.nio.ByteBuffer,java.lang.String[])