build/app/outputs/mapping/release/usage.txt
com.example.tyto.R$mipmap
com.example.tyto.R$attr
com.example.tyto.R$id
com.example.tyto.BuildConfig
com.example.tyto.R$string
com.example.tyto.R$drawable
com.example.tyto.R$style
com.example.tyto.R$integer
com.example.tyto.R
com.example.tyto.R$dimen
com.example.tyto.R$layout
com.example.tyto.R$color
com.example.tyto.R$styleable
...
com.google.common.collect.SortedLists$KeyPresentBehavior$1
com.google.common.base.CaseFormat$2
androidx.fragment.app.FragmentContainer
com.google.common.collect.Maps$EntrySet
com.google.errorprone.annotations.concurrent.LockMethod
androidx.core.app.JobIntentService$JobWorkEnqueuer
android.support.v4.os.ResultReceiver
androidx.arch.core.R
androidx.core.graphics.drawable.RoundedBitmapDrawableFactory
kotlin.coroutines.experimental.jvm.internal.CoroutineIntrinsics
com.google.common.collect.AbstractMapBasedMultimap$WrappedList$WrappedListIterator
androidx.lifecycle.LifecycleRegistry:
    private androidx.lifecycle.Lifecycle$State calculateTargetState(androidx.lifecycle.LifecycleObserver)
    public void markState(androidx.lifecycle.Lifecycle$State)
    public void setCurrentState(androidx.lifecycle.Lifecycle$State)
    public void addObserver(androidx.lifecycle.LifecycleObserver)
    public int getObserverCount()
com.google.common.collect.ImmutableBiMap
com.google.common.util.concurrent.Uninterruptibles:
    public static void awaitUninterruptibly(java.util.concurrent.CountDownLatch)
    public static boolean awaitUninterruptibly(java.util.concurrent.CountDownLatch,long,java.util.concurrent.TimeUnit)
    public static boolean awaitUninterruptibly(java.util.concurrent.locks.Condition,long,java.util.concurrent.TimeUnit)
    public static void joinUninterruptibly(java.lang.Thread)
    public static void joinUninterruptibly(java.lang.Thread,long,java.util.concurrent.TimeUnit)
    public static java.lang.Object getUninterruptibly(java.util.concurrent.Future,long,java.util.concurrent.TimeUnit)
    public static java.lang.Object takeUninterruptibly(java.util.concurrent.BlockingQueue)
    public static void putUninterruptibly(java.util.concurrent.BlockingQueue,java.lang.Object)
    public static void sleepUninterruptibly(long,java.util.concurrent.TimeUnit)
    public static boolean tryAcquireUninterruptibly(java.util.concurrent.Semaphore,long,java.util.concurrent.TimeUnit)
    public static boolean tryAcquireUninterruptibly(java.util.concurrent.Semaphore,int,long,java.util.concurrent.TimeUnit)
    private void <init>()
com.google.common.collect.HashMultimap
kotlin.reflect.KMutableProperty1$Setter
kotlin.coroutines.experimental.migration.ExperimentalSuspendFunction0Migration
androidx.fragment.app.FragmentHostCallback
androidx.fragment.app.FragmentTransaction
androidx.core.app.AppComponentFactory
com.google.common.collect.MapMakerInternalMap$WeakKeyDummyValueSegment
androidx.core.app.NotificationCompatExtras
kotlin.sequences.FilteringSequence
kotlin.collections.CollectionsKt__IterablesKt$Iterable$1
com.google.common.collect.Synchronized$SynchronizedNavigableMap
com.google.common.util.concurrent.SimpleTimeLimiter$1
com.google.common.cache.AbstractCache$SimpleStatsCounter
androidx.lifecycle.ViewModelProvider$Factory
androidx.core.R$attr
androidx.annotation.ColorRes
androidx.core.content.res.GrowingArrayUtils
kotlin.contracts.InvocationKind
com.google.common.reflect.TypeToken$1
com.google.common.util.concurrent.Service$State$1
kotlin.jvm.internal.ArrayIterator